-------------------------------------------------------------------------------
Test set: example.TestExample
-------------------------------------------------------------------------------
Tests run: 1, Failures: 1, Errors: 0, Skipped: 0, Time elapsed: 0.02 s <<< FAILURE! - in example.TestExample
testAll(example.TestExample)  Time elapsed: 0.003 s  <<< FAILURE!
java.lang.AssertionError
	at example.TestExample.testAll(TestExample.java:26)

