-------------------------------------------------------------------------------
Test set: it.polito.po.test.TestR2_Schedule
-------------------------------------------------------------------------------
Tests run: 4, Failures: 4, Errors: 0, Skipped: 0, Time elapsed: 0 s <<< FAILURE! - in it.polito.po.test.TestR2_Schedule
testSlots(it.polito.po.test.TestR2_Schedule)  Time elapsed: 0 s  <<< FAILURE!
java.lang.AssertionError: expected:<2.0> but was:<-1.0>
	at it.polito.po.test.TestR2_Schedule.testSlots(TestR2_Schedule.java:34)

testSlotsWrongId(it.polito.po.test.TestR2_Schedule)  Time elapsed: 0 s  <<< FAILURE!
java.lang.AssertionError: Overlapping options are not allowed: expected it.polito.meet.MeetException to be thrown, but nothing was thrown
	at it.polito.po.test.TestR2_Schedule.testSlotsWrongId(TestR2_Schedule.java:60)

testDailySlots(it.polito.po.test.TestR2_Schedule)  Time elapsed: 0 s  <<< FAILURE!
java.lang.AssertionError: expected:<2.0> but was:<-1.0>
	at it.polito.po.test.TestR2_Schedule.testDailySlots(TestR2_Schedule.java:69)

testSlotsOverlap(it.polito.po.test.TestR2_Schedule)  Time elapsed: 0 s  <<< FAILURE!
java.lang.AssertionError: Overlapping options are not allowed: expected it.polito.meet.MeetException to be thrown, but nothing was thrown
	at it.polito.po.test.TestR2_Schedule.testSlotsOverlap(TestR2_Schedule.java:54)

