<?xml version="1.0" encoding="UTF-8"?>
<testsuite xmlns:xsi="http://www.w3.org/2001/XMLSchema-instance" xsi:noNamespaceSchemaLocation="https://maven.apache.org/surefire/maven-surefire-plugin/xsd/surefire-test-report.xsd" name="it.polito.po.test.TestR2_Options" time="0" tests="4" errors="0" skipped="0" failures="4">
  <properties>
[...]
</properties>
  <testcase name="testSlots" classname="it.polito.po.test.TestR2_Options" time="0">
    <failure message="expected:&lt;2.0&gt; but was:&lt;-1.0&gt;" type="java.lang.AssertionError"><![CDATA[java.lang.AssertionError: expected:<2.0> but was:<-1.0>
	at it.polito.po.test.TestR2_Options.testSlots(TestR2_Options.java:34)
]]></failure>
  </testcase>
  <testcase name="testSlotsWrongId" classname="it.polito.po.test.TestR2_Options" time="0">
    <failure message="Overlapping options are not allowed: expected it.polito.meet.MeetException to be thrown, but nothing was thrown" type="java.lang.AssertionError">java.lang.AssertionError: Overlapping options are not allowed: expected it.polito.meet.MeetException to be thrown, but nothing was thrown
	at it.polito.po.test.TestR2_Options.testSlotsWrongId(TestR2_Options.java:69)
</failure>
  </testcase>
  <testcase name="testDailySlots" classname="it.polito.po.test.TestR2_Options" time="0">
    <failure message="expected:&lt;2.0&gt; but was:&lt;-1.0&gt;" type="java.lang.AssertionError"><![CDATA[java.lang.AssertionError: expected:<2.0> but was:<-1.0>
	at it.polito.po.test.TestR2_Options.testDailySlots(TestR2_Options.java:78)
]]></failure>
  </testcase>
  <testcase name="testSlotsOverlap" classname="it.polito.po.test.TestR2_Options" time="0">
    <failure message="Overlapping options are not allowed: expected it.polito.meet.MeetException to be thrown, but nothing was thrown" type="java.lang.AssertionError">java.lang.AssertionError: Overlapping options are not allowed: expected it.polito.meet.MeetException to be thrown, but nothing was thrown
	at it.polito.po.test.TestR2_Options.testSlotsOverlap(TestR2_Options.java:54)
</failure>
  </testcase>
</testsuite>