<?xml version="1.0" encoding="UTF-8"?>
<testsuite xmlns:xsi="http://www.w3.org/2001/XMLSchema-instance" xsi:noNamespaceSchemaLocation="https://maven.apache.org/surefire/maven-surefire-plugin/xsd/surefire-test-report.xsd" name="it.polito.po.test.TestR3_Bookings" time="0" tests="9" errors="0" skipped="0" failures="9">
  <properties>
[...]
</properties>
  <testcase name="testListBookings2" classname="it.polito.po.test.TestR3_Bookings" time="0">
    <failure message="Missing bookings" type="java.lang.AssertionError">java.lang.AssertionError: Missing bookings
	at it.polito.po.test.TestR3_Bookings.testListBookings2(TestR3_Bookings.java:99)
</failure>
  </testcase>
  <testcase name="testBooking" classname="it.polito.po.test.TestR3_Bookings" time="0">
    <failure message="expected:&lt;XD345&gt; but was:&lt;null&gt;" type="java.lang.AssertionError"><![CDATA[java.lang.AssertionError: expected:<XD345> but was:<null>
	at it.polito.po.test.TestR3_Bookings.testBooking(TestR3_Bookings.java:40)
]]></failure>
  </testcase>
  <testcase name="testListBookings" classname="it.polito.po.test.TestR3_Bookings" time="0">
    <failure message="Missing bookings" type="java.lang.AssertionError">java.lang.AssertionError: Missing bookings
	at it.polito.po.test.TestR3_Bookings.testListBookings(TestR3_Bookings.java:85)
</failure>
  </testcase>
  <testcase name="testBookingPartialOverlap" classname="it.polito.po.test.TestR3_Bookings" time="0">
    <failure message="Wrong slot for booking not detected: expected it.ffss.train.TrainException to be thrown, but nothing was thrown" type="java.lang.AssertionError">java.lang.AssertionError: Wrong slot for booking not detected: expected it.ffss.train.TrainException to be thrown, but nothing was thrown
	at it.polito.po.test.TestR3_Bookings.testBookingPartialOverlap(TestR3_Bookings.java:71)
</failure>
  </testcase>
  <testcase name="testNonBookedSeats" classname="it.polito.po.test.TestR3_Bookings" time="0">
    <failure message="Missing seats" type="java.lang.AssertionError">java.lang.AssertionError: Missing seats
	at it.polito.po.test.TestR3_Bookings.testNonBookedSeats(TestR3_Bookings.java:129)
</failure>
  </testcase>
  <testcase name="testBookingBadCode" classname="it.polito.po.test.TestR3_Bookings" time="0">
    <failure message="Invalid car id for booking not detected: expected it.ffss.train.TrainException to be thrown, but nothing was thrown" type="java.lang.AssertionError">java.lang.AssertionError: Invalid car id for booking not detected: expected it.ffss.train.TrainException to be thrown, but nothing was thrown
	at it.polito.po.test.TestR3_Bookings.testBookingBadCode(TestR3_Bookings.java:48)
</failure>
  </testcase>
  <testcase name="testBookingBadSeat" classname="it.polito.po.test.TestR3_Bookings" time="0">
    <failure message="Wrong seat for booking not detected: expected it.ffss.train.TrainException to be thrown, but nothing was thrown" type="java.lang.AssertionError">java.lang.AssertionError: Wrong seat for booking not detected: expected it.ffss.train.TrainException to be thrown, but nothing was thrown
	at it.polito.po.test.TestR3_Bookings.testBookingBadSeat(TestR3_Bookings.java:55)
</failure>
  </testcase>
  <testcase name="testBookingFullOverlap" classname="it.polito.po.test.TestR3_Bookings" time="0">
    <failure message="Wrong slot for booking not detected: expected it.ffss.train.TrainException to be thrown, but nothing was thrown" type="java.lang.AssertionError">java.lang.AssertionError: Wrong slot for booking not detected: expected it.ffss.train.TrainException to be thrown, but nothing was thrown
	at it.polito.po.test.TestR3_Bookings.testBookingFullOverlap(TestR3_Bookings.java:63)
</failure>
  </testcase>
  <testcase name="testListBookingsNotPresent" classname="it.polito.po.test.TestR3_Bookings" time="0">
    <failure message="Missing bookings" type="java.lang.AssertionError">java.lang.AssertionError: Missing bookings
	at it.polito.po.test.TestR3_Bookings.testListBookingsNotPresent(TestR3_Bookings.java:116)
</failure>
  </testcase>
</testsuite>