<?xml version="1.0" encoding="UTF-8"?>
<testsuite xmlns:xsi="http://www.w3.org/2001/XMLSchema-instance" xsi:noNamespaceSchemaLocation="https://maven.apache.org/surefire/maven-surefire-plugin/xsd/surefire-test-report.xsd" name="it.polito.po.test.TestR1_Cars" time="0" tests="6" errors="0" skipped="0" failures="6">
  <properties>
[...]
</properties>
  <testcase name="testClassesNoDup" classname="it.polito.po.test.TestR1_Cars" time="0">
    <failure message="No classes returned" type="java.lang.AssertionError">java.lang.AssertionError: No classes returned
	at it.polito.po.test.TestR1_Cars.testClassesNoDup(TestR1_Cars.java:45)
</failure>
  </testcase>
  <testcase name="testCarsBadClass" classname="it.polito.po.test.TestR1_Cars" time="0">
    <failure message="Non existent class not detected: expected it.ffss.train.TrainException to be thrown, but nothing was thrown" type="java.lang.AssertionError">java.lang.AssertionError: Non existent class not detected: expected it.ffss.train.TrainException to be thrown, but nothing was thrown
	at it.polito.po.test.TestR1_Cars.testCarsBadClass(TestR1_Cars.java:79)
</failure>
  </testcase>
  <testcase name="testCarsDupCode" classname="it.polito.po.test.TestR1_Cars" time="0">
    <failure message="Duplicate car id not detected: expected it.ffss.train.TrainException to be thrown, but nothing was thrown" type="java.lang.AssertionError">java.lang.AssertionError: Duplicate car id not detected: expected it.ffss.train.TrainException to be thrown, but nothing was thrown
	at it.polito.po.test.TestR1_Cars.testCarsDupCode(TestR1_Cars.java:67)
</failure>
  </testcase>
  <testcase name="testCars" classname="it.polito.po.test.TestR1_Cars" time="0">
    <failure message="Wrong number of seats for new car expected:&lt;80&gt; but was:&lt;-1&gt;" type="java.lang.AssertionError"><![CDATA[java.lang.AssertionError: Wrong number of seats for new car expected:<80> but was:<-1>
	at it.polito.po.test.TestR1_Cars.testCars(TestR1_Cars.java:55)
]]></failure>
  </testcase>
  <testcase name="testClasses" classname="it.polito.po.test.TestR1_Cars" time="0">
    <failure message="No classes returned" type="java.lang.AssertionError">java.lang.AssertionError: No classes returned
	at it.polito.po.test.TestR1_Cars.testClasses(TestR1_Cars.java:30)
</failure>
  </testcase>
  <testcase name="testCarClasses" classname="it.polito.po.test.TestR1_Cars" time="0">
    <failure message="Missing normal class cars" type="java.lang.AssertionError">java.lang.AssertionError: Missing normal class cars
	at it.polito.po.test.TestR1_Cars.testCarClasses(TestR1_Cars.java:95)
</failure>
  </testcase>
</testsuite>