<?xml version="1.0" encoding="UTF-8"?>
<testsuite xmlns:xsi="http://www.w3.org/2001/XMLSchema-instance" xsi:noNamespaceSchemaLocation="https://maven.apache.org/surefire/maven-surefire-plugin/xsd/surefire-test-report.xsd" name="it.polito.po.test.TestR5_Stats" time="0" tests="3" errors="0" skipped="0" failures="3">
  <properties>
[...]
</properties>
  <testcase name="testFillRatio" classname="it.polito.po.test.TestR5_Stats" time="0">
    <failure message="Wrong fill ratio expected:&lt;0.0125&gt; but was:&lt;-1.0&gt;" type="java.lang.AssertionError"><![CDATA[java.lang.AssertionError: Wrong fill ratio expected:<0.0125> but was:<-1.0>
	at it.polito.po.test.TestR5_Stats.testFillRatio(TestR5_Stats.java:50)
]]></failure>
  </testcase>
  <testcase name="testCoverage" classname="it.polito.po.test.TestR5_Stats" time="0">
    <failure message="Missing coverage info" type="java.lang.AssertionError">java.lang.AssertionError: Missing coverage info
	at it.polito.po.test.TestR5_Stats.testCoverage(TestR5_Stats.java:63)
</failure>
  </testcase>
  <testcase name="testOccupationRatio" classname="it.polito.po.test.TestR5_Stats" time="0">
    <failure message="Wrong occupation ratio expected:&lt;0.010416666666666666&gt; but was:&lt;-1.0&gt;" type="java.lang.AssertionError"><![CDATA[java.lang.AssertionError: Wrong occupation ratio expected:<0.010416666666666666> but was:<-1.0>
	at it.polito.po.test.TestR5_Stats.testOccupationRatio(TestR5_Stats.java:57)
]]></failure>
  </testcase>
</testsuite>